2025-04-07 18:37:15,917 - app.main - INFO - Starting up...
2025-04-07 18:37:15,917 - app.main - INFO - Creating database and tables...
2025-04-07 19:04:36,171 - app.main - INFO - Starting up...
2025-04-07 19:04:36,172 - app.main - INFO - Creating database and tables...
2025-04-07 19:13:47,761 - app.main - INFO - Starting up...
2025-04-07 19:13:47,761 - app.main - INFO - Creating database and tables...
2025-04-07 19:13:47,790 - app.database - INFO - Creating missing tables: ['urls']
2025-04-07 19:13:47,802 - app.main - INFO - Database and tables created.
2025-04-07 19:13:47,802 - app.main - INFO - Application's ready...
2025-04-07 19:16:46,408 - app.main - INFO - Starting up...
2025-04-07 19:16:46,409 - app.main - INFO - Connecting to database...
2025-04-07 19:16:46,409 - app.main - ERROR - Database connection failed: 'generator' object has no attribute 'execute'
2025-04-07 19:18:59,347 - app.main - INFO - Starting up...
2025-04-07 19:18:59,347 - app.main - INFO - Connecting to database...
2025-04-07 19:18:59,348 - app.main - INFO - Database connection successful.
2025-04-07 19:18:59,348 - app.main - INFO - Creating database and tables...
2025-04-07 19:18:59,391 - app.database - INFO - Creating missing tables: ['urls']
2025-04-07 19:18:59,406 - app.main - INFO - Database and tables created.
2025-04-07 19:18:59,406 - app.main - INFO - Application's ready...
2025-04-07 19:24:29,110 - app.main - INFO - Starting up...
2025-04-07 19:24:29,110 - app.main - INFO - Connecting to database...
2025-04-07 19:24:29,111 - app.main - INFO - Database connection successful.
2025-04-07 19:24:29,111 - app.main - INFO - Creating database and tables...
2025-04-07 19:24:29,149 - app.database - INFO - All tables already exist. No action taken.
2025-04-07 19:24:29,150 - app.main - INFO - Database and tables created.
2025-04-07 19:24:29,150 - app.main - INFO - Application's ready...
2025-04-07 19:31:10,381 - app.main - INFO - Starting up...
2025-04-07 19:31:10,381 - app.main - INFO - Connecting to database...
2025-04-07 19:31:10,382 - app.main - INFO - Database connection successful.
2025-04-07 19:31:10,382 - app.main - INFO - Creating database and tables...
2025-04-07 19:31:10,417 - app.database - INFO - All tables already exist. No action taken.
2025-04-07 19:31:10,417 - app.main - INFO - Database and tables created.
2025-04-07 19:31:10,418 - app.main - INFO - Application's ready...
2025-04-07 19:33:40,691 - app.main - INFO - Starting up...
2025-04-07 19:33:40,692 - app.main - INFO - Connecting to database...
2025-04-07 19:33:40,692 - app.main - INFO - Database connection successful.
2025-04-07 19:33:40,693 - app.main - INFO - Creating database and tables...
2025-04-07 19:33:40,736 - app.database - INFO - Creating missing tables: ['urls']
2025-04-07 19:33:40,752 - app.main - INFO - Database and tables created.
2025-04-07 19:33:40,752 - app.main - INFO - Application's ready...
2025-04-07 19:47:13,568 - app.main - INFO - Starting up...
2025-04-07 19:47:13,568 - app.main - INFO - Connecting to database...
2025-04-07 19:47:13,569 - app.main - INFO - Database connection successful.
2025-04-07 19:47:13,569 - app.main - INFO - Creating database and tables...
2025-04-07 19:47:13,605 - app.database - INFO - Creating missing tables: ['urls']
2025-04-07 19:47:13,624 - app.main - INFO - Database and tables created.
2025-04-07 19:47:13,624 - app.main - INFO - Application's ready...
2025-04-07 19:52:48,719 - app.main - INFO - Starting up...
2025-04-07 19:52:48,719 - app.main - INFO - Connecting to database...
2025-04-07 19:52:48,719 - app.main - INFO - Database connection successful.
2025-04-07 19:52:48,720 - app.main - INFO - Creating database and tables...
2025-04-07 19:52:48,763 - app.database - INFO - Creating missing tables: ['urls']
2025-04-07 19:52:48,784 - app.main - INFO - Database and tables created.
2025-04-07 19:52:48,784 - app.main - INFO - Application's ready...
2025-04-07 19:54:24,898 - app.main - INFO - Starting up...
2025-04-07 19:54:24,898 - app.main - INFO - Connecting to database...
2025-04-07 19:54:24,899 - app.main - INFO - Database connection successful.
2025-04-07 19:54:24,899 - app.main - INFO - Creating database and tables...
2025-04-07 19:54:24,949 - app.database - INFO - Creating missing tables: ['urls']
2025-04-07 19:54:24,971 - app.main - INFO - Database and tables created.
2025-04-07 19:54:24,971 - app.main - INFO - Application's ready...
2025-04-07 20:00:34,269 - app.main - INFO - Starting up...
2025-04-07 20:00:34,269 - app.main - INFO - Connecting to database...
2025-04-07 20:00:34,270 - app.main - INFO - Database connection successful.
2025-04-07 20:00:34,270 - app.main - INFO - Creating database and tables...
2025-04-07 20:00:34,318 - app.database - INFO - Creating missing tables: ['urls']
2025-04-07 20:00:34,339 - app.main - INFO - Database and tables created.
2025-04-07 20:00:34,339 - app.main - INFO - Application's ready...
2025-04-07 20:08:27,370 - app.main - INFO - Starting up...
2025-04-07 20:08:27,370 - app.main - INFO - Connecting to database...
2025-04-07 20:08:27,371 - app.main - INFO - Database connection successful.
2025-04-07 20:08:27,371 - app.main - INFO - Creating database and tables...
2025-04-07 20:08:27,413 - app.database - INFO - Creating missing tables: ['urls']
2025-04-07 20:08:27,427 - app.main - INFO - Database and tables created.
2025-04-07 20:08:27,428 - app.main - INFO - Application's ready...
2025-04-07 20:16:12,906 - app.main - INFO - Starting up...
2025-04-07 20:16:12,906 - app.main - INFO - Connecting to database...
2025-04-07 20:16:12,907 - app.main - INFO - Database connection successful.
2025-04-07 20:16:12,907 - app.main - INFO - Creating database and tables...
2025-04-07 20:16:12,943 - app.database - INFO - Creating missing tables: ['urls']
2025-04-07 20:16:12,960 - app.main - INFO - Database and tables created.
2025-04-07 20:16:12,960 - app.main - INFO - Application's ready...
2025-04-07 20:18:01,447 - app.main - INFO - Starting up...
2025-04-07 20:18:01,447 - app.main - INFO - Connecting to database...
2025-04-07 20:18:01,448 - app.main - INFO - Database connection successful.
2025-04-07 20:18:01,448 - app.main - INFO - Creating database and tables...
2025-04-07 20:18:01,488 - app.database - INFO - Creating missing tables: ['urls']
2025-04-07 20:18:01,506 - app.main - INFO - Database and tables created.
2025-04-07 20:18:01,506 - app.main - INFO - Application's ready...
2025-04-08 19:05:43,959 - app.main - INFO - Starting up...
2025-04-08 19:05:43,959 - app.main - INFO - Connecting to database...
2025-04-08 19:05:43,960 - app.core.database - INFO - Database connection successful.
2025-04-08 19:05:43,960 - app.main - INFO - Connecting to redis...
2025-04-08 19:05:44,030 - app.core.redis - INFO - Redis connection successful.
2025-04-08 19:05:44,031 - app.main - INFO - Creating database and tables...
2025-04-08 19:06:44,697 - app.main - INFO - Starting up...
2025-04-08 19:06:44,697 - app.main - INFO - Connecting to database...
2025-04-08 19:06:44,698 - app.core.database - INFO - Database connection successful.
2025-04-08 19:06:44,698 - app.main - INFO - Connecting to redis...
2025-04-08 19:06:44,754 - app.core.redis - INFO - Redis connection successful.
2025-04-08 19:06:44,754 - app.main - INFO - Creating database and tables...
2025-04-08 19:06:44,786 - app.core.database - INFO - All tables already exist. No action taken.
2025-04-08 19:06:44,786 - app.main - INFO - Database and tables created.
2025-04-08 19:06:44,786 - app.main - INFO - Application's ready...
2025-04-08 20:30:36,073 - app.core.redis - INFO - Redis connection successful.
2025-04-08 20:30:36,178 - app.main - INFO - Starting up...
2025-04-08 20:30:36,178 - app.main - INFO - Connecting to database...
2025-04-08 20:30:36,179 - app.core.database - INFO - Database connection successful.
2025-04-08 20:30:36,179 - app.main - INFO - Connecting to redis...
2025-04-08 20:30:36,181 - app.core.redis - INFO - Redis connection successful.
2025-04-08 20:30:36,182 - app.main - INFO - Creating database and tables...
2025-04-08 20:30:36,216 - app.core.database - INFO - All tables already exist. No action taken.
2025-04-08 20:30:36,217 - app.main - INFO - Database and tables created.
2025-04-08 20:30:36,217 - app.main - INFO - Application's ready...
2025-04-08 20:33:11,744 - app.core.redis - INFO - Redis connection successful.
2025-04-08 20:33:11,863 - app.main - INFO - Starting up...
2025-04-08 20:33:11,863 - app.main - INFO - Connecting to database...
2025-04-08 20:33:11,864 - app.core.database - INFO - Database connection successful.
2025-04-08 20:33:11,864 - app.main - INFO - Connecting to redis...
2025-04-08 20:33:11,869 - app.core.redis - INFO - Redis connection successful.
2025-04-08 20:33:11,869 - app.main - INFO - Creating database and tables...
2025-04-08 20:33:11,903 - app.core.database - INFO - All tables already exist. No action taken.
2025-04-08 20:33:11,903 - app.main - INFO - Database and tables created.
2025-04-08 20:33:11,904 - app.main - INFO - Application's ready...
2025-04-08 20:37:31,862 - app.core.redis - INFO - Redis connection successful.
2025-04-08 20:37:31,975 - app.main - INFO - Starting up...
2025-04-08 20:37:31,975 - app.main - INFO - Connecting to database...
2025-04-08 20:37:31,976 - app.core.database - INFO - Database connection successful.
2025-04-08 20:37:31,976 - app.main - INFO - Connecting to redis...
2025-04-08 20:37:31,978 - app.core.redis - INFO - Redis connection successful.
2025-04-08 20:37:31,979 - app.main - INFO - Creating database and tables...
2025-04-08 20:37:32,010 - app.core.database - INFO - All tables already exist. No action taken.
2025-04-08 20:37:32,010 - app.main - INFO - Database and tables created.
2025-04-08 20:37:32,010 - app.main - INFO - Application's ready...
2025-04-08 20:38:33,348 - app.core.redis - INFO - Redis connection successful.
2025-04-08 20:38:33,457 - app.main - INFO - Starting up...
2025-04-08 20:38:33,457 - app.main - INFO - Connecting to database...
2025-04-08 20:38:33,458 - app.core.database - INFO - Database connection successful.
2025-04-08 20:38:33,458 - app.main - INFO - Connecting to redis...
2025-04-08 20:38:33,460 - app.core.redis - INFO - Redis connection successful.
2025-04-08 20:38:33,460 - app.main - INFO - Creating database and tables...
2025-04-08 20:38:33,495 - app.core.database - INFO - All tables already exist. No action taken.
2025-04-08 20:38:33,495 - app.main - INFO - Database and tables created.
2025-04-08 20:38:33,496 - app.main - INFO - Application's ready...
2025-04-08 20:39:57,937 - app.core.redis - INFO - Redis connection successful.
2025-04-08 20:39:58,045 - app.main - INFO - Starting up...
2025-04-08 20:39:58,045 - app.main - INFO - Connecting to database...
2025-04-08 20:39:58,046 - app.core.database - INFO - Database connection successful.
2025-04-08 20:39:58,046 - app.main - INFO - Connecting to redis...
2025-04-08 20:39:58,048 - app.core.redis - INFO - Redis connection successful.
2025-04-08 20:39:58,048 - app.main - INFO - Creating database and tables...
2025-04-08 20:39:58,088 - app.core.database - INFO - All tables already exist. No action taken.
2025-04-08 20:39:58,089 - app.main - INFO - Database and tables created.
2025-04-08 20:39:58,089 - app.main - INFO - Application's ready...
2025-04-08 20:40:48,403 - app.core.redis - INFO - Redis connection successful.
2025-04-08 20:40:48,516 - app.main - INFO - Starting up...
2025-04-08 20:40:48,517 - app.main - INFO - Connecting to database...
2025-04-08 20:40:48,517 - app.core.database - INFO - Database connection successful.
2025-04-08 20:40:48,517 - app.main - INFO - Connecting to redis...
2025-04-08 20:40:48,519 - app.core.redis - INFO - Redis connection successful.
2025-04-08 20:40:48,519 - app.main - INFO - Creating database and tables...
2025-04-08 20:40:48,563 - app.core.database - INFO - All tables already exist. No action taken.
2025-04-08 20:40:48,563 - app.main - INFO - Database and tables created.
2025-04-08 20:40:48,563 - app.main - INFO - Application's ready...
2025-04-08 20:41:33,414 - app.core.redis - INFO - Redis connection successful.
2025-04-08 20:41:33,524 - app.main - INFO - Starting up...
2025-04-08 20:41:33,524 - app.main - INFO - Connecting to database...
2025-04-08 20:41:33,525 - app.core.database - INFO - Database connection successful.
2025-04-08 20:41:33,525 - app.main - INFO - Connecting to redis...
2025-04-08 20:41:33,527 - app.core.redis - INFO - Redis connection successful.
2025-04-08 20:41:33,527 - app.main - INFO - Creating database and tables...
2025-04-08 20:41:33,556 - app.core.database - WARNING - existing tables: {existing_tables}
2025-04-08 20:41:33,556 - app.core.database - WARNING - all model tables: {all_model_tables}
2025-04-08 20:41:33,556 - app.core.database - WARNING - missing tables: {missing_tables}
2025-04-08 20:41:33,556 - app.core.database - INFO - All tables already exist. No action taken.
2025-04-08 20:41:33,557 - app.main - INFO - Database and tables created.
2025-04-08 20:41:33,557 - app.main - INFO - Application's ready...
2025-04-08 20:42:17,644 - app.core.redis - INFO - Redis connection successful.
2025-04-08 20:42:17,756 - app.main - INFO - Starting up...
2025-04-08 20:42:17,756 - app.main - INFO - Connecting to database...
2025-04-08 20:42:17,757 - app.core.database - INFO - Database connection successful.
2025-04-08 20:42:17,757 - app.main - INFO - Connecting to redis...
2025-04-08 20:42:17,759 - app.core.redis - INFO - Redis connection successful.
2025-04-08 20:42:17,760 - app.main - INFO - Creating database and tables...
2025-04-08 20:42:17,802 - app.core.database - WARNING - existing tables: []
2025-04-08 20:42:17,802 - app.core.database - WARNING - all model tables: dict_keys([])
2025-04-08 20:42:17,802 - app.core.database - WARNING - missing tables: []
2025-04-08 20:42:17,802 - app.core.database - INFO - All tables already exist. No action taken.
2025-04-08 20:42:17,802 - app.main - INFO - Database and tables created.
2025-04-08 20:42:17,802 - app.main - INFO - Application's ready...
2025-04-08 20:46:56,653 - app.core.redis - INFO - Redis connection successful.
2025-04-08 20:46:56,762 - app.main - INFO - Starting up...
2025-04-08 20:46:56,762 - app.main - INFO - Connecting to database...
2025-04-08 20:46:56,763 - app.core.database - INFO - Database connection successful.
2025-04-08 20:46:56,763 - app.main - INFO - Connecting to redis...
2025-04-08 20:46:56,765 - app.core.redis - INFO - Redis connection successful.
2025-04-08 20:46:56,766 - app.main - INFO - Creating database and tables...
2025-04-08 20:46:56,795 - app.core.database - WARNING - existing tables: []
2025-04-08 20:46:56,796 - app.core.database - WARNING - all model tables: dict_keys(['login_history', 'users'])
2025-04-08 20:46:56,796 - app.core.database - WARNING - missing tables: ['login_history', 'users']
2025-04-08 20:46:56,796 - app.core.database - INFO - Creating missing tables: ['login_history', 'users']
2025-04-08 20:46:56,815 - app.main - INFO - Database and tables created.
2025-04-08 20:46:56,815 - app.main - INFO - Application's ready...
